<?xml version="1.0" encoding="UTF-8"?>
<testng-results ignored="0" total="1" passed="1" failed="0" skipped="0">
  <reporter-output>
  </reporter-output>
  <suite started-at="2023-10-09T16:36:18 IST" name="Suite" finished-at="2023-10-09T16:36:56 IST" duration-ms="38103">
    <groups>
    </groups>
    <test started-at="2023-10-09T16:36:18 IST" name="Test" finished-at="2023-10-09T16:36:56 IST" duration-ms="38103">
      <class name="base.homeModuleTest">
        <test-method is-config="true" signature="browser()[pri:0, instance:base.homeModuleTest@548d708a]" started-at="2023-10-09T16:36:18 IST" name="browser" finished-at="2023-10-09T16:36:30 IST" duration-ms="11698" status="PASS">
          <reporter-output>
          </reporter-output>
        </test-method> <!-- browser -->
        <test-method signature="ProductSelection2()[pri:0, instance:base.homeModuleTest@548d708a]" started-at="2023-10-09T16:36:30 IST" name="ProductSelection2" finished-at="2023-10-09T16:36:56 IST" duration-ms="26293" status="PASS">
          <reporter-output>
          </reporter-output>
        </test-method> <!-- ProductSelection2 -->
      </class> <!-- base.homeModuleTest -->
    </test> <!-- Test -->
  </suite> <!-- Suite -->
</testng-results>
