<?xml version="1.0" encoding="UTF-8"?>
<!-- Generated by org.testng.reporters.JUnitXMLReporter -->
<testsuite ignored="0" hostname="DESKTOP-F194BDL" failures="0" tests="12" name="Test2" time="0.071" errors="0" timestamp="2023-10-13T11:28:10 IST">
  <testcase classname="base.TestClass2" name="TestCase1" time="0.002"/>
  <testcase classname="base.TestClass1" name="TestCase1" time="0.004"/>
  <testcase classname="base.TestClass2" name="TestCase2" time="0.003"/>
  <testcase classname="base.TestClass1" name="TestCase2" time="0.004"/>
  <testcase classname="base.TestClass2" name="TestCase3" time="0.003"/>
  <testcase classname="base.TestClass2" name="TestCase4" time="0.009"/>
  <testcase classname="base.TestClass1" name="TestCase3" time="0.007"/>
  <testcase classname="base.TestClass3" name="TestCase1" time="0.003"/>
  <testcase classname="base.TestClass3" name="TestCase2" time="0.002"/>
  <testcase classname="base.TestClass1" name="TestCase4" time="0.003"/>
  <testcase classname="base.TestClass3" name="TestCase3" time="0.004"/>
  <testcase classname="base.TestClass3" name="TestCase4" time="0.006"/>
</testsuite> <!-- Test2 -->
