<?xml version="1.0" encoding="UTF-8"?>
<!-- Generated by org.testng.reporters.JUnitXMLReporter -->
<testsuite ignored="0" hostname="DESKTOP-F194BDL" failures="0" tests="1" name="Test" time="0.096" errors="0" timestamp="2023-10-18T18:48:40 IST">
  <testcase classname="base.homeModuleTest" name="@BeforeTest browser" time="-1.697635120832E9">
    <failure type="org.testng.TestNGException" message="
Parameter &amp;apos;environment&amp;apos; is required by BeforeTest on method browser but has not been marked @Optional or defined
in C:\Users\Hp\Desktop\Automation Testing\AmezonAsg\testng.xml">
      <![CDATA[org.testng.TestNGException: 
Parameter 'environment' is required by BeforeTest on method browser but has not been marked @Optional or defined
in C:\Users\Hp\Desktop\Automation Testing\AmezonAsg\testng.xml
... Removed 21 stack frames]]>
    </failure>
  </testcase> <!-- @BeforeTest browser -->
  <testcase classname="base.homeModuleTest" name="@AfterTest tearDown" time="0.0">
    <skipped/>
  </testcase> <!-- @AfterTest tearDown -->
  <testcase classname="base.homeModuleTest" name="ProductSelection" time="0.0">
    <skipped/>
  </testcase> <!-- ProductSelection -->
</testsuite> <!-- Test -->
